Running: D:\Apps\ISE_Design_Suite\14.7\ISE_DS\ISE\bin\nt64\unwrapped\fuse.exe -intstyle ise -incremental -o D:/ISE Design/CAW_03/counter_4bit_tb_isim_beh.exe -prj D:/ISE Design/CAW_03/counter_4bit_tb_beh.prj work.counter_4bit_tb 
ISim P.20131013 (signature 0x7708f090)
Number of CPUs detected in this system: 4
Turning on mult-threading, number of parallel sub-compilation jobs: 8 
Determining compilation order of HDL files
Parsing VHDL file "D:/ISE Design/CAW_03/T_FF.vhd" into library work
Parsing VHDL file "D:/ISE Design/CAW_03/counter_4bit.vhd" into library work
Parsing VHDL file "D:/ISE Design/CAW_03/counter_4bit_tb.vhd" into library work
Starting static elaboration
Completed static elaboration
Compiling package standard
Compiling package std_logic_1164
Compiling architecture behavioral of entity T_FF [t_ff_default]
Compiling architecture behavioral of entity counter_4bit [counter_4bit_default]
Compiling architecture behavior of entity counter_4bit_tb
Time Resolution for simulation is 1ps.
Compiled 7 VHDL Units
Built simulation executable D:/ISE Design/CAW_03/counter_4bit_tb_isim_beh.exe
Fuse Memory Usage: 30212 KB
Fuse CPU Usage: 343 ms
