Running: E:\Apps\Xilinx_ISE\14.7\ISE_DS\ISE\bin\nt64\unwrapped\fuse.exe -intstyle ise -incremental -lib secureip -o E:/Projects/ISE Design/CAW_07/save_adder_multiplier_tb_isim_beh.exe -prj E:/Projects/ISE Design/CAW_07/save_adder_multiplier_tb_beh.prj work.save_adder_multiplier_tb 
ISim P.20131013 (signature 0x7708f090)
Number of CPUs detected in this system: 4
Turning on mult-threading, number of parallel sub-compilation jobs: 8 
Determining compilation order of HDL files
Parsing VHDL file "E:/Projects/ISE Design/CAW_07/half_adder.vhd" into library work
Parsing VHDL file "E:/Projects/ISE Design/CAW_07/full_adder.vhd" into library work
Parsing VHDL file "E:/Projects/ISE Design/CAW_07/save_adder_multiplier.vhd" into library work
Parsing VHDL file "E:/Projects/ISE Design/CAW_07/save_adder_multiplier_tb.vhd" into library work
Starting static elaboration
Completed static elaboration
Compiling package standard
Compiling package std_logic_1164
Compiling architecture behavioral of entity half_adder [half_adder_default]
Compiling architecture behavioral of entity full_adder [full_adder_default]
Compiling architecture behavioral of entity save_adder_multiplier [save_adder_multiplier_default]
Compiling architecture behavior of entity save_adder_multiplier_tb
Time Resolution for simulation is 1ps.
Waiting for 1 sub-compilation(s) to finish...
Compiled 9 VHDL Units
Built simulation executable E:/Projects/ISE Design/CAW_07/save_adder_multiplier_tb_isim_beh.exe
Fuse Memory Usage: 30128 KB
Fuse CPU Usage: 484 ms
